<?xml version='1.0' encoding='UTF-8'?>
<testsuite hostname="LAPTOP-TUT9VCR0" name="homework_3.Test" tests="9" errors="0" failures="0" skipped="0" time="0.042" timestamp="2023-03-17T22:19:35">
          <properties>
      <property name="jline.esc.timeout" value="0"/><property name="java.runtime.name" value="Java(TM) SE Runtime Environment"/><property name="sun.boot.library.path" value="C:\Program Files\Java\jre1.8.0_361\bin"/><property name="java.vm.version" value="25.361-b09"/><property name="java.vm.vendor" value="Oracle Corporation"/><property name="java.vendor.url" value="http://java.oracle.com/"/><property name="path.separator" value=";"/><property name="jna.loaded" value="true"/><property name="java.vm.name" value="Java HotSpot(TM) 64-Bit Server VM"/><property name="file.encoding.pkg" value="sun.io"/><property name="user.country" value="RU"/><property name="user.script" value=""/><property name="sun.java.launcher" value="SUN_STANDARD"/><property name="sun.os.patch.level" value=""/><property name="jna.nosys" value="true"/><property name="java.vm.specification.name" value="Java Virtual Machine Specification"/><property name="user.dir" value="D:\projects\scala\naumen.scala.course.2023.spring\homeworks\homework_3"/><property name="java.runtime.version" value="1.8.0_361-b09"/><property name="java.awt.graphicsenv" value="sun.awt.Win32GraphicsEnvironment"/><property name="java.endorsed.dirs" value="C:\Program Files\Java\jre1.8.0_361\lib\endorsed"/><property name="os.arch" value="amd64"/><property name="java.io.tmpdir" value="C:\Users\Lansk\AppData\Local\Temp\"/><property name="line.separator" value="
"/><property name="java.vm.specification.vendor" value="Oracle Corporation"/><property name="log4j.ignoreTCL" value="true"/><property name="user.variant" value=""/><property name="os.name" value="Windows 10"/><property name="sun.jnu.encoding" value="Cp1251"/><property name="jnidispatch.path" value="C:\Users\Lansk\AppData\Local\Temp\jna-73186705\jna6036075515907074584.dll"/><property name="java.library.path" value="C:\Program Files (x86)\Common Files\Oracle\Java\javapath;C:\Windows\Sun\Java\bin;C:\Windows\system32;C:\Windows;C:\Program Files (x86)\Common Files\Oracle\Java\javapath;C:\ProgramData\Oracle\Java\javapath;C:\Python310\Scripts\;C:\Python310\;C:\Windows\system32;C:\Windows;C:\Windows\System32\Wbem;C:\Windows\System32\WindowsPowerShell\v1.0\;C:\Windows\System32\OpenSSH\;C:\Program Files\Git\cmd;C:\Program Files\nodejs\;C:\ProgramData\chocolatey\bin;C:\Program Files\Microsoft SQL Server\150\Tools\Binn\;C:\Program Files\Microsoft SQL Server\Client SDK\ODBC\170\Tools\Binn\;C:\Program Files\dotnet\;C:\Program Files\Docker\Docker\resources\bin;C:\Program Files (x86)\scala\bin;D:\programs\Meld\;C:\Users\Lansk\AppData\Local\Microsoft\WindowsApps;C:\Users\Lansk\AppData\Local\Programs\Microsoft VS Code\bin;C:\Users\Lansk\AppData\Roaming\npm;C:\Program Files\nodejs\;C:\Program Files\JetBrains\PyCharm 2021.2.3\bin;;C:\Program Files\JetBrains\WebStorm 2021.2.3\bin;;;C:\sqlite;C:\Users\Lansk\.dotnet\tools;C:\Users\Lansk\AppData\Local\Coursier\data\bin;."/><property name="java.specification.name" value="Java Platform API Specification"/><property name="java.class.version" value="52.0"/><property name="sbt.ipcsocket.tmpdir" value="C:\Users\Lansk\AppData\Local\Temp\.sbt5d7597d6\ipcsocket"/><property name="sun.management.compiler" value="HotSpot 64-Bit Tiered Compilers"/><property name="os.version" value="10.0"/><property name="swoval.tmpdir" value="C:\Users\Lansk\AppData\Local\Temp\.sbt5d7597d6\swoval"/><property name="user.home" value="C:\Users\Lansk"/><property name="user.timezone" value="Asia/Yekaterinburg"/><property name="java.awt.printerjob" value="sun.awt.windows.WPrinterJob"/><property name="file.encoding" value="UTF-8"/><property name="java.specification.version" value="1.8"/><property name="java.class.path" value="C:\Users\Lansk\AppData\Local\Coursier\cache\arc\https\github.com\sbt\sbt\releases\download\v1.8.2\sbt-1.8.2.zip\sbt\bin\sbt-launch.jar"/><property name="user.name" value="Lansk"/><property name="jline.shutdownhook" value="false"/><property name="java.vm.specification.version" value="1.8"/><property name="sun.java.command" value="xsbt.boot.Boot test"/><property name="java.home" value="C:\Program Files\Java\jre1.8.0_361"/><property name="sun.arch.data.model" value="64"/><property name="user.language" value="ru"/><property name="java.specification.vendor" value="Oracle Corporation"/><property name="awt.toolkit" value="sun.awt.windows.WToolkit"/><property name="java.vm.info" value="mixed mode"/><property name="java.version" value="1.8.0_361"/><property name="java.ext.dirs" value="C:\Program Files\Java\jre1.8.0_361\lib\ext;C:\Windows\Sun\Java\lib\ext"/><property name="sun.boot.class.path" value="C:\Program Files\Java\jre1.8.0_361\lib\resources.jar;C:\Program Files\Java\jre1.8.0_361\lib\rt.jar;C:\Program Files\Java\jre1.8.0_361\lib\jsse.jar;C:\Program Files\Java\jre1.8.0_361\lib\jce.jar;C:\Program Files\Java\jre1.8.0_361\lib\charsets.jar;C:\Program Files\Java\jre1.8.0_361\lib\jfr.jar;C:\Program Files\Java\jre1.8.0_361\classes"/><property name="java.vendor" value="Oracle Corporation"/><property name="sun.stderr.encoding" value="cp866"/><property name="java.specification.maintenance.version" value="4"/><property name="file.separator" value="\"/><property name="java.vendor.url.bug" value="http://bugreport.sun.com/bugreport/"/><property name="sun.io.unicode.encoding" value="UnicodeLittle"/><property name="sun.cpu.endian" value="little"/><property name="sun.stdout.encoding" value="cp866"/><property name="sun.desktop" value="windows"/><property name="sun.cpu.isalist" value="amd64"/>
    </properties>
          <testcase classname="homework_3.Test" name="test_prettyBooleanFormatter1" time="0.028">
                      
                    </testcase><testcase classname="homework_3.Test" name="test_prettyBooleanFormatter2" time="0.001">
                      
                    </testcase><testcase classname="homework_3.Test" name="test_prettyBooleanFormatter3" time="0.002">
                      
                    </testcase><testcase classname="homework_3.Test" name="test_max1" time="0.003">
                      
                    </testcase><testcase classname="homework_3.Test" name="test_max2" time="0.002">
                      
                    </testcase><testcase classname="homework_3.Test" name="test_max3" time="0.002">
                      
                    </testcase><testcase classname="homework_3.Test" name="test_sum1" time="0.0">
                      
                    </testcase><testcase classname="homework_3.Test" name="test_sum2" time="0.0">
                      
                    </testcase><testcase classname="homework_3.Test" name="test_sum3" time="0.004">
                      
                    </testcase>
          <system-out><![CDATA[]]></system-out>
          <system-err><![CDATA[]]></system-err>
        </testsuite>